{"level":"info","message":"Registering user zach"}
{"level":"info","message":"Registering user zach"}
{"level":"error","message":"Failed to register user: User already exists"}
{"level":"info","message":"Registering user zach"}
{"level":"error","message":"Failed to register user: User already exists"}
{"level":"info","message":"Registering user zach"}
{"level":"error","message":"Failed to register user: User already exists"}
{"level":"info","message":"Registering user zach"}
{"level":"error","message":"Failed to register user: User already exists"}
{"level":"info","message":"Registering user zach"}
{"level":"error","message":"Failed to register user: User already exists"}
{"level":"info","message":"Registering user zach"}
{"level":"error","message":"Failed to register user: User already exists"}
{"level":"info","message":"Registering user zach"}
{"level":"error","message":"Failed to register user: User already exists"}
{"level":"info","message":"Registering user zach"}
{"level":"error","message":"Failed to register user: User already exists"}
{"level":"info","message":"Registering user zach"}
{"level":"info","message":"Registering user zach"}
{"level":"info","message":"Registering user zach"}
{"level":"info","message":"Registering user zach"}
{"level":"info","message":"Logging in user zach"}
{"level":"error","message":"Failed to login user: undefined: Expected Failed to login user: undefined: Expected Login successful: zach to be one of: Null, Undefined, Object. to be one of: Null, Undefined, Object."}
{"level":"info","message":"Logging in user zach"}
{"level":"info","message":"User logged in successfully zach"}
{"level":"info","message":"Logging in user zach"}
{"level":"info","message":"User logged in successfully zach"}
{"level":"info","message":"Logging in user zach"}
{"level":"info","message":"User logged in successfully zach"}
{"level":"info","message":"Logging in user zach"}
{"level":"info","message":"User logged in successfully zach"}
{"level":"info","message":"Logging in user zach"}
{"level":"info","message":"Registering user zach"}
{"level":"info","message":"Logging in user zach"}
{"level":"info","message":"Logging in user zach"}
{"level":"info","message":"User logged in successfully zach"}
{"level":"error","message":"Failed to logout user: Cannot read properties of undefined (reading 'name')"}
{"level":"error","message":"Failed to logout user: Cannot read properties of undefined (reading 'name')"}
{"level":"error","message":"Failed to logout user: Cannot read properties of undefined (reading 'name')"}
{"level":"info","message":"Logging out user undefined"}
{"level":"info","message":"User logged out successfully"}
{"level":"info","message":"Logging out user undefined"}
{"level":"info","message":"User logged out successfully"}
{"level":"info","message":"Logging out user undefined"}
{"level":"info","message":"User logged out successfully"}
{"level":"error","message":"Failed to logout user: Cannot read properties of undefined (reading 'name')"}
{"level":"info","message":"Logging in user zach"}
{"level":"info","message":"User logged in successfully zach"}
{"level":"info","message":"Logging out user zach"}
{"level":"info","message":"User logged out successfully"}
{"level":"error","message":"Failed to logout user: Cannot read properties of undefined (reading 'name')"}
{"level":"info","message":"Logging in user zach"}
{"level":"info","message":"User logged in successfully zach"}
{"level":"info","message":"Registering user zach"}
{"level":"info","message":"User registered successfully zach"}
{"level":"info","message":"Registering user zach"}
{"level":"info","message":"Logging in user zach"}
{"level":"info","message":"User logged in successfully zach"}
{"level":"info","message":"Logging in user zach"}
{"level":"info","message":"User logged in successfully zach"}
{"level":"info","message":"Logging in user zach"}
{"level":"info","message":"User logged in successfully zach"}
{"level":"info","message":"Changing date for user 1"}
{"level":"info","message":"Changing date for user 1"}
{"level":"info","message":"Logging in user zach"}
{"level":"info","message":"User logged in successfully zach"}
{"level":"info","message":"Changing date for user 1"}
{"level":"info","message":"Logging in user zach"}
{"level":"info","message":"User logged in successfully zach"}
{"level":"info","message":"Logging in user zach"}
{"level":"info","message":"User logged in successfully zach"}
{"level":"info","message":"Logging in user zach"}
{"level":"info","message":"User logged in successfully zach"}
{"level":"info","message":"Registering user zach"}
{"level":"info","message":"Logging in user zach"}
{"level":"info","message":"User logged in successfully zach"}
{"level":"info","message":"Logging in user zach"}
{"level":"info","message":"User logged in successfully zach"}
{"level":"info","message":"Logging in user zach"}
{"level":"info","message":"User logged in successfully zach"}
{"level":"info","message":"Logging in user zach"}
{"level":"info","message":"User logged in successfully zach"}
{"level":"info","message":"Logging in user zach"}
{"level":"info","message":"User logged in successfully zach"}
{"level":"info","message":"Changing date for user 1"}
{"level":"info","message":"Logging in user zach"}
{"level":"info","message":"User logged in successfully zach"}
{"level":"info","message":"Logging in user zach"}
{"level":"info","message":"User logged in successfully zach"}
{"level":"info","message":"Logging in user zach"}
{"level":"info","message":"User logged in successfully zach"}
{"level":"info","message":"Logging in user zach"}
{"level":"info","message":"User logged in successfully zach"}
{"level":"info","message":"Logging in user zach"}
{"level":"info","message":"User logged in successfully zach"}
{"level":"info","message":"Logging in user zach"}
{"level":"info","message":"User logged in successfully zach"}
{"level":"info","message":"Changing date for user 1"}
{"level":"info","message":"Logging in user zach"}
{"level":"info","message":"User logged in successfully zach"}
{"level":"info","message":"Changing date for user 1"}
{"level":"info","message":"Logging in user zach"}
{"level":"info","message":"User logged in successfully zach"}
{"level":"info","message":"Logging in user zach"}
{"level":"info","message":"User logged in successfully zach"}
{"level":"info","message":"Logging in user zach"}
{"level":"info","message":"User logged in successfully zach"}
{"level":"info","message":"Logging in user zach"}
{"level":"info","message":"User logged in successfully zach"}
{"level":"info","message":"Logging in user zach"}
{"level":"info","message":"User logged in successfully zach"}
{"level":"info","message":"Logging in user zach"}
{"level":"info","message":"User logged in successfully zach"}
{"level":"info","message":"Logging in user zach"}
{"level":"info","message":"User logged in successfully zach"}
{"level":"info","message":"Logging in user zach"}
{"level":"info","message":"User logged in successfully zach"}
{"level":"error","message":"Failed to logout user: Cannot read properties of undefined (reading 'name')"}
{"level":"error","message":"Failed to logout user: Cannot read properties of undefined (reading 'name')"}
{"level":"info","message":"Logging in user zach"}
{"level":"info","message":"User logged in successfully zach"}
{"level":"info","message":"Logging in user zach"}
{"level":"info","message":"User logged in successfully zach"}
{"level":"info","message":"Logging in user zach"}
{"level":"info","message":"User logged in successfully zach"}
{"level":"info","message":"Logging in user zach"}
{"level":"info","message":"User logged in successfully zach"}
{"level":"info","message":"Registering user zach"}
{"level":"info","message":"Registering user zach"}
{"level":"info","message":"Logging in user zach"}
{"level":"info","message":"User logged in successfully zach"}
{"level":"info","message":"Logging in user zach"}
{"level":"info","message":"User logged in successfully zach"}
{"level":"info","message":"Logging in user zach"}
{"level":"info","message":"User logged in successfully zach"}
{"level":"info","message":"Logging in user zach"}
{"level":"info","message":"User logged in successfully zach"}
{"level":"info","message":"Logging in user zach"}
{"level":"info","message":"User logged in successfully zach"}
{"level":"info","message":"Logging in user zach"}
{"level":"info","message":"User logged in successfully zach"}
{"level":"info","message":"Logging in user zach"}
{"level":"info","message":"Logging in user zach"}
{"level":"info","message":"User logged in successfully zach"}
{"level":"info","message":"Logging in user zach"}
{"level":"info","message":"User logged in successfully zach"}
{"level":"info","message":"Logging in user zach"}
{"level":"info","message":"User logged in successfully zach"}
